Сборка начата 01.01.2026 13:26:25.
Уровень детализации журнала: Normal.     1>Проект "D:\vinland_projects\Fortify-Raylib\fortify_raylib.vcxproj" в узле 2 (целевые объекты Build).
     1>PrepareForBuild:
         Структурированный вывод включен. Форматирование диагностики компилятора будет отражать иерархию ошибок. Подробнее см. https://aka.ms/cpp/structured-output.
       InitializeBuildStatus:
         Создание "Fortify-Raylib\x64\Debug\Fortify-Raylib.tlog\unsuccessfulbuild", так как было задано "AlwaysCreate".
         Обращение к "Fortify-Raylib\x64\Debug\Fortify-Raylib.tlog\unsuccessfulbuild".
       ClCompile:
         C:\Program Files\Microsoft Visual Studio\2022\Community\VC\Tools\MSVC\14.42.34433\bin\HostX64\x64\CL.exe /c /I"D:\vinland_projects\Fortify-Raylib\packages\raylib.5.0.0\build\native\include\\" /ZI /JMC /nologo /W3 /WX- /diagnostics:column /sdl /Od /D _DEBUG /D _CONSOLE /D _UNICODE /D UNICODE /D PLATFORM_DESKTOP /D GRAPHICS_API_OPENGL_33 /Gm- /EHsc /RTC1 /MDd /GS /fp:precise /Zc:wchar_t /Zc:forScope /Zc:inline /std:c++20 /permissive- /Fo"Fortify-Raylib\x64\Debug\\" /Fd"Fortify-Raylib\x64\Debug\vc143.pdb" /external:W3 /Gd /TP /FC /errorReport:prompt main.cpp src\Extensions.cpp src\Game.cpp src\screens\menuScreen.cpp
         main.cpp
         Extensions.cpp
         Game.cpp
         menuScreen.cpp
         Создание кода...
       Link:
         C:\Program Files\Microsoft Visual Studio\2022\Community\VC\Tools\MSVC\14.42.34433\bin\HostX64\x64\link.exe /ERRORREPORT:PROMPT /OUT:"D:\vinland_projects\Fortify-Raylib\x64\Debug\Fortify-Raylib.exe" /INCREMENTAL /ILK:"Fortify-Raylib\x64\Debug\Fortify-Raylib.ilk" /NOLOGO "D:\vinland_projects\Fortify-Raylib\packages\raylib.5.0.0\build\native\lib\x64\raylib.lib" winmm.lib kernel32.lib user32.lib gdi32.lib winspool.lib comdlg32.lib advapi32.lib shell32.lib ole32.lib oleaut32.lib uuid.lib odbc32.lib odbccp32.lib /MANIFEST /MANIFESTUAC:"level='asInvoker' uiAccess='false'" /manifest:embed /DEBUG /PDB:"D:\vinland_projects\Fortify-Raylib\x64\Debug\Fortify-Raylib.pdb" /SUBSYSTEM:CONSOLE /TLBID:1 /DYNAMICBASE /NXCOMPAT /IMPLIB:"D:\vinland_projects\Fortify-Raylib\x64\Debug\Fortify-Raylib.lib" /MACHINE:X64 "Fortify-Raylib\x64\Debug\main.obj"
         "Fortify-Raylib\x64\Debug\SoundPlayer.obj"
         "Fortify-Raylib\x64\Debug\Extensions.obj"
         "Fortify-Raylib\x64\Debug\Game.obj"
         "Fortify-Raylib\x64\Debug\menuScreen.obj"
         fortify_raylib.vcxproj -> D:\vinland_projects\Fortify-Raylib\x64\Debug\Fortify-Raylib.exe
       FinalizeBuildStatus:
         Файл "Fortify-Raylib\x64\Debug\Fortify-Raylib.tlog\unsuccessfulbuild" удаляется.
         Обращение к "Fortify-Raylib\x64\Debug\Fortify-Raylib.tlog\Fortify-Raylib.lastbuildstate".
     1>Сборка проекта "D:\vinland_projects\Fortify-Raylib\fortify_raylib.vcxproj" завершена (целевые объекты Build).

Сборка успешно завершена.
    Предупреждений: 0
    Ошибок: 0

Прошло времени 00:00:03.35
